{"/Users/ygou/projects/express-middleware-minio/src/index.js": {"path":"/Users/ygou/projects/express-middleware-minio/src/index.js","statementMap":{"0":{"start":{"line":1,"column":0},"end":{"line":1,"column":26}},"1":{"start":{"line":2,"column":19},"end":{"line":2,"column":40}},"2":{"start":{"line":3,"column":15},"end":{"line":3,"column":33}},"3":{"start":{"line":4,"column":15},"end":{"line":4,"column":32}},"4":{"start":{"line":5,"column":24},"end":{"line":5,"column":41}},"5":{"start":{"line":7,"column":20},"end":{"line":7,"column":48}},"6":{"start":{"line":8,"column":14},"end":{"line":8,"column":32}},"7":{"start":{"line":10,"column":15},"end":{"line":10,"column":51}},"8":{"start":{"line":12,"column":12},"end":{"line":19,"column":2}},"9":{"start":{"line":21,"column":29},"end":{"line":23,"column":1}},"10":{"start":{"line":22,"column":2},"end":{"line":22,"column":34}},"11":{"start":{"line":25,"column":22},"end":{"line":46,"column":1}},"12":{"start":{"line":26,"column":2},"end":{"line":30,"column":3}},"13":{"start":{"line":27,"column":18},"end":{"line":27,"column":40}},"14":{"start":{"line":28,"column":4},"end":{"line":28,"column":25}},"15":{"start":{"line":29,"column":4},"end":{"line":29,"column":16}},"16":{"start":{"line":32,"column":18},"end":{"line":32,"column":23}},"17":{"start":{"line":33,"column":2},"end":{"line":37,"column":4}},"18":{"start":{"line":34,"column":4},"end":{"line":36,"column":5}},"19":{"start":{"line":35,"column":6},"end":{"line":35,"column":22}},"20":{"start":{"line":39,"column":2},"end":{"line":43,"column":3}},"21":{"start":{"line":40,"column":18},"end":{"line":40,"column":43}},"22":{"start":{"line":41,"column":4},"end":{"line":41,"column":25}},"23":{"start":{"line":42,"column":4},"end":{"line":42,"column":16}},"24":{"start":{"line":45,"column":2},"end":{"line":45,"column":13}},"25":{"start":{"line":48,"column":24},"end":{"line":58,"column":1}},"26":{"start":{"line":49,"column":2},"end":{"line":56,"column":3}},"27":{"start":{"line":50,"column":4},"end":{"line":55,"column":5}},"28":{"start":{"line":57,"column":2},"end":{"line":57,"column":11}},"29":{"start":{"line":60,"column":19},"end":{"line":82,"column":1}},"30":{"start":{"line":61,"column":17},"end":{"line":61,"column":25}},"31":{"start":{"line":62,"column":2},"end":{"line":67,"column":3}},"32":{"start":{"line":63,"column":22},"end":{"line":63,"column":59}},"33":{"start":{"line":64,"column":4},"end":{"line":66,"column":5}},"34":{"start":{"line":65,"column":6},"end":{"line":65,"column":33}},"35":{"start":{"line":68,"column":2},"end":{"line":81,"column":3}},"36":{"start":{"line":74,"column":6},"end":{"line":78,"column":7}},"37":{"start":{"line":75,"column":8},"end":{"line":75,"column":29}},"38":{"start":{"line":77,"column":8},"end":{"line":77,"column":63}},"39":{"start":{"line":79,"column":6},"end":{"line":79,"column":12}},"40":{"start":{"line":84,"column":25},"end":{"line":105,"column":1}},"41":{"start":{"line":85,"column":17},"end":{"line":85,"column":25}},"42":{"start":{"line":86,"column":2},"end":{"line":91,"column":3}},"43":{"start":{"line":87,"column":22},"end":{"line":87,"column":59}},"44":{"start":{"line":88,"column":4},"end":{"line":90,"column":5}},"45":{"start":{"line":89,"column":6},"end":{"line":89,"column":33}},"46":{"start":{"line":92,"column":2},"end":{"line":103,"column":3}},"47":{"start":{"line":93,"column":17},"end":{"line":98,"column":5}},"48":{"start":{"line":99,"column":4},"end":{"line":99,"column":59}},"49":{"start":{"line":101,"column":4},"end":{"line":101,"column":33}},"50":{"start":{"line":102,"column":4},"end":{"line":102,"column":25}},"51":{"start":{"line":104,"column":2},"end":{"line":104,"column":8}},"52":{"start":{"line":107,"column":19},"end":{"line":116,"column":1}},"53":{"start":{"line":108,"column":2},"end":{"line":115,"column":4}},"54":{"start":{"line":109,"column":4},"end":{"line":113,"column":5}},"55":{"start":{"line":110,"column":6},"end":{"line":110,"column":27}},"56":{"start":{"line":112,"column":6},"end":{"line":112,"column":26}},"57":{"start":{"line":114,"column":4},"end":{"line":114,"column":10}},"58":{"start":{"line":118,"column":18},"end":{"line":148,"column":1}},"59":{"start":{"line":120,"column":2},"end":{"line":126,"column":3}},"60":{"start":{"line":121,"column":4},"end":{"line":121,"column":61}},"61":{"start":{"line":123,"column":4},"end":{"line":123,"column":25}},"62":{"start":{"line":124,"column":4},"end":{"line":124,"column":10}},"63":{"start":{"line":125,"column":4},"end":{"line":125,"column":10}},"64":{"start":{"line":128,"column":18},"end":{"line":128,"column":56}},"65":{"start":{"line":129,"column":2},"end":{"line":147,"column":4}},"66":{"start":{"line":130,"column":4},"end":{"line":145,"column":5}},"67":{"start":{"line":131,"column":6},"end":{"line":131,"column":27}},"68":{"start":{"line":133,"column":38},"end":{"line":133,"column":59}},"69":{"start":{"line":134,"column":6},"end":{"line":136,"column":7}},"70":{"start":{"line":135,"column":8},"end":{"line":135,"column":38}},"71":{"start":{"line":137,"column":6},"end":{"line":144,"column":7}},"72":{"start":{"line":146,"column":4},"end":{"line":146,"column":10}},"73":{"start":{"line":150,"column":24},"end":{"line":180,"column":1}},"74":{"start":{"line":152,"column":2},"end":{"line":159,"column":3}},"75":{"start":{"line":153,"column":4},"end":{"line":153,"column":61}},"76":{"start":{"line":155,"column":4},"end":{"line":155,"column":55}},"77":{"start":{"line":156,"column":4},"end":{"line":156,"column":25}},"78":{"start":{"line":157,"column":4},"end":{"line":157,"column":10}},"79":{"start":{"line":158,"column":4},"end":{"line":158,"column":10}},"80":{"start":{"line":161,"column":2},"end":{"line":179,"column":4}},"81":{"start":{"line":162,"column":4},"end":{"line":177,"column":5}},"82":{"start":{"line":163,"column":6},"end":{"line":163,"column":27}},"83":{"start":{"line":165,"column":38},"end":{"line":165,"column":59}},"84":{"start":{"line":166,"column":6},"end":{"line":168,"column":7}},"85":{"start":{"line":167,"column":8},"end":{"line":167,"column":38}},"86":{"start":{"line":169,"column":6},"end":{"line":176,"column":7}},"87":{"start":{"line":178,"column":4},"end":{"line":178,"column":10}},"88":{"start":{"line":182,"column":21},"end":{"line":195,"column":1}},"89":{"start":{"line":183,"column":2},"end":{"line":187,"column":3}},"90":{"start":{"line":184,"column":4},"end":{"line":184,"column":52}},"91":{"start":{"line":185,"column":4},"end":{"line":185,"column":10}},"92":{"start":{"line":186,"column":4},"end":{"line":186,"column":10}},"93":{"start":{"line":188,"column":16},"end":{"line":188,"column":65}},"94":{"start":{"line":189,"column":2},"end":{"line":193,"column":3}},"95":{"start":{"line":190,"column":4},"end":{"line":190,"column":25}},"96":{"start":{"line":192,"column":4},"end":{"line":192,"column":37}},"97":{"start":{"line":194,"column":2},"end":{"line":194,"column":8}},"98":{"start":{"line":197,"column":23},"end":{"line":251,"column":1}},"99":{"start":{"line":198,"column":2},"end":{"line":201,"column":3}},"100":{"start":{"line":199,"column":4},"end":{"line":199,"column":10}},"101":{"start":{"line":200,"column":4},"end":{"line":200,"column":10}},"102":{"start":{"line":203,"column":2},"end":{"line":250,"column":3}},"103":{"start":{"line":204,"column":17},"end":{"line":204,"column":46}},"104":{"start":{"line":205,"column":4},"end":{"line":215,"column":6}},"105":{"start":{"line":206,"column":6},"end":{"line":214,"column":7}},"106":{"start":{"line":207,"column":8},"end":{"line":207,"column":34}},"107":{"start":{"line":208,"column":8},"end":{"line":208,"column":14}},"108":{"start":{"line":209,"column":13},"end":{"line":214,"column":7}},"109":{"start":{"line":210,"column":8},"end":{"line":210,"column":57}},"110":{"start":{"line":211,"column":8},"end":{"line":211,"column":14}},"111":{"start":{"line":213,"column":8},"end":{"line":213,"column":44}},"112":{"start":{"line":216,"column":9},"end":{"line":250,"column":3}},"113":{"start":{"line":217,"column":17},"end":{"line":217,"column":46}},"114":{"start":{"line":218,"column":17},"end":{"line":218,"column":34}},"115":{"start":{"line":219,"column":18},"end":{"line":219,"column":30}},"116":{"start":{"line":220,"column":4},"end":{"line":233,"column":5}},"117":{"start":{"line":221,"column":6},"end":{"line":224,"column":7}},"118":{"start":{"line":222,"column":8},"end":{"line":222,"column":29}},"119":{"start":{"line":223,"column":8},"end":{"line":223,"column":14}},"120":{"start":{"line":225,"column":6},"end":{"line":225,"column":37}},"121":{"start":{"line":226,"column":6},"end":{"line":226,"column":33}},"122":{"start":{"line":227,"column":6},"end":{"line":229,"column":8}},"123":{"start":{"line":228,"column":8},"end":{"line":228,"column":26}},"124":{"start":{"line":230,"column":6},"end":{"line":232,"column":8}},"125":{"start":{"line":231,"column":8},"end":{"line":231,"column":18}},"126":{"start":{"line":234,"column":4},"end":{"line":241,"column":6}},"127":{"start":{"line":235,"column":6},"end":{"line":240,"column":7}},"128":{"start":{"line":236,"column":8},"end":{"line":236,"column":34}},"129":{"start":{"line":237,"column":8},"end":{"line":237,"column":14}},"130":{"start":{"line":239,"column":8},"end":{"line":239,"column":48}},"131":{"start":{"line":242,"column":9},"end":{"line":250,"column":3}},"132":{"start":{"line":243,"column":4},"end":{"line":243,"column":25}},"133":{"start":{"line":244,"column":9},"end":{"line":250,"column":3}},"134":{"start":{"line":245,"column":4},"end":{"line":245,"column":24}},"135":{"start":{"line":246,"column":9},"end":{"line":250,"column":3}},"136":{"start":{"line":247,"column":4},"end":{"line":247,"column":30}},"137":{"start":{"line":248,"column":9},"end":{"line":250,"column":3}},"138":{"start":{"line":249,"column":4},"end":{"line":249,"column":27}},"139":{"start":{"line":253,"column":0},"end":{"line":262,"column":1}},"140":{"start":{"line":258,"column":4},"end":{"line":260,"column":5}},"141":{"start":{"line":258,"column":22},"end":{"line":260,"column":5}},"142":{"start":{"line":259,"column":6},"end":{"line":259,"column":40}}},"fnMap":{"0":{"name":"(anonymous_0)","decl":{"start":{"line":21,"column":29},"end":{"line":21,"column":30}},"loc":{"start":{"line":21,"column":41},"end":{"line":23,"column":1}},"line":21},"1":{"name":"(anonymous_1)","decl":{"start":{"line":25,"column":22},"end":{"line":25,"column":23}},"loc":{"start":{"line":25,"column":40},"end":{"line":46,"column":1}},"line":25},"2":{"name":"(anonymous_2)","decl":{"start":{"line":33,"column":27},"end":{"line":33,"column":28}},"loc":{"start":{"line":33,"column":34},"end":{"line":37,"column":3}},"line":33},"3":{"name":"(anonymous_3)","decl":{"start":{"line":48,"column":24},"end":{"line":48,"column":25}},"loc":{"start":{"line":48,"column":32},"end":{"line":58,"column":1}},"line":48},"4":{"name":"(anonymous_4)","decl":{"start":{"line":60,"column":19},"end":{"line":60,"column":20}},"loc":{"start":{"line":60,"column":49},"end":{"line":82,"column":1}},"line":60},"5":{"name":"(anonymous_5)","decl":{"start":{"line":73,"column":4},"end":{"line":73,"column":5}},"loc":{"start":{"line":73,"column":21},"end":{"line":80,"column":5}},"line":73},"6":{"name":"(anonymous_6)","decl":{"start":{"line":84,"column":25},"end":{"line":84,"column":26}},"loc":{"start":{"line":84,"column":65},"end":{"line":105,"column":1}},"line":84},"7":{"name":"(anonymous_7)","decl":{"start":{"line":107,"column":19},"end":{"line":107,"column":20}},"loc":{"start":{"line":107,"column":34},"end":{"line":116,"column":1}},"line":107},"8":{"name":"(anonymous_8)","decl":{"start":{"line":108,"column":24},"end":{"line":108,"column":25}},"loc":{"start":{"line":108,"column":41},"end":{"line":115,"column":3}},"line":108},"9":{"name":"(anonymous_9)","decl":{"start":{"line":118,"column":18},"end":{"line":118,"column":19}},"loc":{"start":{"line":118,"column":39},"end":{"line":148,"column":1}},"line":118},"10":{"name":"(anonymous_10)","decl":{"start":{"line":129,"column":52},"end":{"line":129,"column":53}},"loc":{"start":{"line":129,"column":61},"end":{"line":147,"column":3}},"line":129},"11":{"name":"(anonymous_11)","decl":{"start":{"line":150,"column":24},"end":{"line":150,"column":25}},"loc":{"start":{"line":150,"column":45},"end":{"line":180,"column":1}},"line":150},"12":{"name":"(anonymous_12)","decl":{"start":{"line":161,"column":49},"end":{"line":161,"column":50}},"loc":{"start":{"line":161,"column":68},"end":{"line":179,"column":3}},"line":161},"13":{"name":"(anonymous_13)","decl":{"start":{"line":182,"column":21},"end":{"line":182,"column":22}},"loc":{"start":{"line":182,"column":42},"end":{"line":195,"column":1}},"line":182},"14":{"name":"(anonymous_14)","decl":{"start":{"line":197,"column":23},"end":{"line":197,"column":24}},"loc":{"start":{"line":197,"column":47},"end":{"line":251,"column":1}},"line":197},"15":{"name":"(anonymous_15)","decl":{"start":{"line":205,"column":20},"end":{"line":205,"column":21}},"loc":{"start":{"line":205,"column":44},"end":{"line":215,"column":5}},"line":205},"16":{"name":"(anonymous_16)","decl":{"start":{"line":220,"column":18},"end":{"line":220,"column":19}},"loc":{"start":{"line":220,"column":26},"end":{"line":233,"column":5}},"line":220},"17":{"name":"(anonymous_17)","decl":{"start":{"line":227,"column":22},"end":{"line":227,"column":23}},"loc":{"start":{"line":227,"column":40},"end":{"line":229,"column":7}},"line":227},"18":{"name":"(anonymous_18)","decl":{"start":{"line":230,"column":21},"end":{"line":230,"column":22}},"loc":{"start":{"line":230,"column":33},"end":{"line":232,"column":7}},"line":230},"19":{"name":"(anonymous_19)","decl":{"start":{"line":234,"column":20},"end":{"line":234,"column":21}},"loc":{"start":{"line":234,"column":27},"end":{"line":241,"column":5}},"line":234},"20":{"name":"(anonymous_20)","decl":{"start":{"line":257,"column":2},"end":{"line":257,"column":3}},"loc":{"start":{"line":257,"column":16},"end":{"line":261,"column":3}},"line":257},"21":{"name":"(anonymous_21)","decl":{"start":{"line":258,"column":11},"end":{"line":258,"column":12}},"loc":{"start":{"line":258,"column":22},"end":{"line":260,"column":5}},"line":258},"22":{"name":"(anonymous_22)","decl":{"start":{"line":258,"column":22},"end":{"line":258,"column":23}},"loc":{"start":{"line":258,"column":42},"end":{"line":260,"column":5}},"line":258}},"branchMap":{"0":{"loc":{"start":{"line":10,"column":15},"end":{"line":10,"column":51}},"type":"binary-expr","locations":[{"start":{"line":10,"column":16},"end":{"line":10,"column":22}},{"start":{"line":10,"column":26},"end":{"line":10,"column":39}},{"start":{"line":10,"column":44},"end":{"line":10,"column":51}}],"line":10},"1":{"loc":{"start":{"line":26,"column":2},"end":{"line":30,"column":3}},"type":"if","locations":[{"start":{"line":26,"column":2},"end":{"line":30,"column":3}},{"start":{"line":26,"column":2},"end":{"line":30,"column":3}}],"line":26},"2":{"loc":{"start":{"line":34,"column":4},"end":{"line":36,"column":5}},"type":"if","locations":[{"start":{"line":34,"column":4},"end":{"line":36,"column":5}},{"start":{"line":34,"column":4},"end":{"line":36,"column":5}}],"line":34},"3":{"loc":{"start":{"line":39,"column":2},"end":{"line":43,"column":3}},"type":"if","locations":[{"start":{"line":39,"column":2},"end":{"line":43,"column":3}},{"start":{"line":39,"column":2},"end":{"line":43,"column":3}}],"line":39},"4":{"loc":{"start":{"line":49,"column":2},"end":{"line":56,"column":3}},"type":"if","locations":[{"start":{"line":49,"column":2},"end":{"line":56,"column":3}},{"start":{"line":49,"column":2},"end":{"line":56,"column":3}}],"line":49},"5":{"loc":{"start":{"line":49,"column":6},"end":{"line":49,"column":27}},"type":"binary-expr","locations":[{"start":{"line":49,"column":6},"end":{"line":49,"column":10}},{"start":{"line":49,"column":14},"end":{"line":49,"column":27}}],"line":49},"6":{"loc":{"start":{"line":62,"column":2},"end":{"line":67,"column":3}},"type":"if","locations":[{"start":{"line":62,"column":2},"end":{"line":67,"column":3}},{"start":{"line":62,"column":2},"end":{"line":67,"column":3}}],"line":62},"7":{"loc":{"start":{"line":62,"column":6},"end":{"line":62,"column":35}},"type":"binary-expr","locations":[{"start":{"line":62,"column":6},"end":{"line":62,"column":16}},{"start":{"line":62,"column":20},"end":{"line":62,"column":35}}],"line":62},"8":{"loc":{"start":{"line":64,"column":4},"end":{"line":66,"column":5}},"type":"if","locations":[{"start":{"line":64,"column":4},"end":{"line":66,"column":5}},{"start":{"line":64,"column":4},"end":{"line":66,"column":5}}],"line":64},"9":{"loc":{"start":{"line":70,"column":4},"end":{"line":70,"column":41}},"type":"binary-expr","locations":[{"start":{"line":70,"column":5},"end":{"line":70,"column":15}},{"start":{"line":70,"column":19},"end":{"line":70,"column":34}},{"start":{"line":70,"column":39},"end":{"line":70,"column":41}}],"line":70},"10":{"loc":{"start":{"line":71,"column":4},"end":{"line":71,"column":41}},"type":"binary-expr","locations":[{"start":{"line":71,"column":5},"end":{"line":71,"column":15}},{"start":{"line":71,"column":19},"end":{"line":71,"column":34}},{"start":{"line":71,"column":39},"end":{"line":71,"column":41}}],"line":71},"11":{"loc":{"start":{"line":72,"column":4},"end":{"line":72,"column":41}},"type":"binary-expr","locations":[{"start":{"line":72,"column":5},"end":{"line":72,"column":15}},{"start":{"line":72,"column":19},"end":{"line":72,"column":34}},{"start":{"line":72,"column":39},"end":{"line":72,"column":41}}],"line":72},"12":{"loc":{"start":{"line":74,"column":6},"end":{"line":78,"column":7}},"type":"if","locations":[{"start":{"line":74,"column":6},"end":{"line":78,"column":7}},{"start":{"line":74,"column":6},"end":{"line":78,"column":7}}],"line":74},"13":{"loc":{"start":{"line":86,"column":2},"end":{"line":91,"column":3}},"type":"if","locations":[{"start":{"line":86,"column":2},"end":{"line":91,"column":3}},{"start":{"line":86,"column":2},"end":{"line":91,"column":3}}],"line":86},"14":{"loc":{"start":{"line":86,"column":6},"end":{"line":86,"column":35}},"type":"binary-expr","locations":[{"start":{"line":86,"column":6},"end":{"line":86,"column":16}},{"start":{"line":86,"column":20},"end":{"line":86,"column":35}}],"line":86},"15":{"loc":{"start":{"line":88,"column":4},"end":{"line":90,"column":5}},"type":"if","locations":[{"start":{"line":88,"column":4},"end":{"line":90,"column":5}},{"start":{"line":88,"column":4},"end":{"line":90,"column":5}}],"line":88},"16":{"loc":{"start":{"line":95,"column":6},"end":{"line":95,"column":43}},"type":"binary-expr","locations":[{"start":{"line":95,"column":7},"end":{"line":95,"column":17}},{"start":{"line":95,"column":21},"end":{"line":95,"column":36}},{"start":{"line":95,"column":41},"end":{"line":95,"column":43}}],"line":95},"17":{"loc":{"start":{"line":96,"column":6},"end":{"line":96,"column":43}},"type":"binary-expr","locations":[{"start":{"line":96,"column":7},"end":{"line":96,"column":17}},{"start":{"line":96,"column":21},"end":{"line":96,"column":36}},{"start":{"line":96,"column":41},"end":{"line":96,"column":43}}],"line":96},"18":{"loc":{"start":{"line":109,"column":4},"end":{"line":113,"column":5}},"type":"if","locations":[{"start":{"line":109,"column":4},"end":{"line":113,"column":5}},{"start":{"line":109,"column":4},"end":{"line":113,"column":5}}],"line":109},"19":{"loc":{"start":{"line":130,"column":4},"end":{"line":145,"column":5}},"type":"if","locations":[{"start":{"line":130,"column":4},"end":{"line":145,"column":5}},{"start":{"line":130,"column":4},"end":{"line":145,"column":5}}],"line":130},"20":{"loc":{"start":{"line":134,"column":6},"end":{"line":136,"column":7}},"type":"if","locations":[{"start":{"line":134,"column":6},"end":{"line":136,"column":7}},{"start":{"line":134,"column":6},"end":{"line":136,"column":7}}],"line":134},"21":{"loc":{"start":{"line":162,"column":4},"end":{"line":177,"column":5}},"type":"if","locations":[{"start":{"line":162,"column":4},"end":{"line":177,"column":5}},{"start":{"line":162,"column":4},"end":{"line":177,"column":5}}],"line":162},"22":{"loc":{"start":{"line":166,"column":6},"end":{"line":168,"column":7}},"type":"if","locations":[{"start":{"line":166,"column":6},"end":{"line":168,"column":7}},{"start":{"line":166,"column":6},"end":{"line":168,"column":7}}],"line":166},"23":{"loc":{"start":{"line":183,"column":2},"end":{"line":187,"column":3}},"type":"if","locations":[{"start":{"line":183,"column":2},"end":{"line":187,"column":3}},{"start":{"line":183,"column":2},"end":{"line":187,"column":3}}],"line":183},"24":{"loc":{"start":{"line":183,"column":6},"end":{"line":183,"column":65}},"type":"binary-expr","locations":[{"start":{"line":183,"column":6},"end":{"line":183,"column":26}},{"start":{"line":183,"column":30},"end":{"line":183,"column":65}}],"line":183},"25":{"loc":{"start":{"line":189,"column":2},"end":{"line":193,"column":3}},"type":"if","locations":[{"start":{"line":189,"column":2},"end":{"line":193,"column":3}},{"start":{"line":189,"column":2},"end":{"line":193,"column":3}}],"line":189},"26":{"loc":{"start":{"line":198,"column":2},"end":{"line":201,"column":3}},"type":"if","locations":[{"start":{"line":198,"column":2},"end":{"line":201,"column":3}},{"start":{"line":198,"column":2},"end":{"line":201,"column":3}}],"line":198},"27":{"loc":{"start":{"line":203,"column":2},"end":{"line":250,"column":3}},"type":"if","locations":[{"start":{"line":203,"column":2},"end":{"line":250,"column":3}},{"start":{"line":203,"column":2},"end":{"line":250,"column":3}}],"line":203},"28":{"loc":{"start":{"line":206,"column":6},"end":{"line":214,"column":7}},"type":"if","locations":[{"start":{"line":206,"column":6},"end":{"line":214,"column":7}},{"start":{"line":206,"column":6},"end":{"line":214,"column":7}}],"line":206},"29":{"loc":{"start":{"line":209,"column":13},"end":{"line":214,"column":7}},"type":"if","locations":[{"start":{"line":209,"column":13},"end":{"line":214,"column":7}},{"start":{"line":209,"column":13},"end":{"line":214,"column":7}}],"line":209},"30":{"loc":{"start":{"line":216,"column":9},"end":{"line":250,"column":3}},"type":"if","locations":[{"start":{"line":216,"column":9},"end":{"line":250,"column":3}},{"start":{"line":216,"column":9},"end":{"line":250,"column":3}}],"line":216},"31":{"loc":{"start":{"line":221,"column":6},"end":{"line":224,"column":7}},"type":"if","locations":[{"start":{"line":221,"column":6},"end":{"line":224,"column":7}},{"start":{"line":221,"column":6},"end":{"line":224,"column":7}}],"line":221},"32":{"loc":{"start":{"line":235,"column":6},"end":{"line":240,"column":7}},"type":"if","locations":[{"start":{"line":235,"column":6},"end":{"line":240,"column":7}},{"start":{"line":235,"column":6},"end":{"line":240,"column":7}}],"line":235},"33":{"loc":{"start":{"line":242,"column":9},"end":{"line":250,"column":3}},"type":"if","locations":[{"start":{"line":242,"column":9},"end":{"line":250,"column":3}},{"start":{"line":242,"column":9},"end":{"line":250,"column":3}}],"line":242},"34":{"loc":{"start":{"line":244,"column":9},"end":{"line":250,"column":3}},"type":"if","locations":[{"start":{"line":244,"column":9},"end":{"line":250,"column":3}},{"start":{"line":244,"column":9},"end":{"line":250,"column":3}}],"line":244},"35":{"loc":{"start":{"line":246,"column":9},"end":{"line":250,"column":3}},"type":"if","locations":[{"start":{"line":246,"column":9},"end":{"line":250,"column":3}},{"start":{"line":246,"column":9},"end":{"line":250,"column":3}}],"line":246},"36":{"loc":{"start":{"line":248,"column":9},"end":{"line":250,"column":3}},"type":"if","locations":[{"start":{"line":248,"column":9},"end":{"line":250,"column":3}},{"start":{"line":248,"column":9},"end":{"line":250,"column":3}}],"line":248}},"s":{"0":2,"1":2,"2":2,"3":2,"4":2,"5":2,"6":2,"7":2,"8":2,"9":2,"10":2,"11":2,"12":12,"13":1,"14":1,"15":1,"16":11,"17":11,"18":66,"19":10,"20":11,"21":1,"22":1,"23":1,"24":10,"25":2,"26":3,"27":3,"28":0,"29":2,"30":1,"31":1,"32":1,"33":1,"34":1,"35":1,"36":1,"37":0,"38":1,"39":1,"40":2,"41":1,"42":1,"43":1,"44":1,"45":1,"46":1,"47":1,"48":1,"49":0,"50":0,"51":1,"52":2,"53":1,"54":1,"55":0,"56":1,"57":1,"58":2,"59":3,"60":3,"61":1,"62":1,"63":1,"64":2,"65":2,"66":2,"67":0,"68":2,"69":2,"70":0,"71":2,"72":2,"73":2,"74":2,"75":2,"76":1,"77":1,"78":1,"79":1,"80":1,"81":1,"82":0,"83":1,"84":1,"85":0,"86":1,"87":1,"88":2,"89":1,"90":0,"91":0,"92":0,"93":1,"94":1,"95":0,"96":1,"97":1,"98":2,"99":12,"100":2,"101":2,"102":10,"103":2,"104":2,"105":2,"106":0,"107":0,"108":2,"109":1,"110":1,"111":1,"112":8,"113":1,"114":1,"115":1,"116":1,"117":1,"118":0,"119":0,"120":1,"121":1,"122":1,"123":1,"124":1,"125":1,"126":1,"127":1,"128":0,"129":0,"130":1,"131":7,"132":1,"133":6,"134":3,"135":3,"136":2,"137":1,"138":1,"139":2,"140":1,"141":12,"142":12},"f":{"0":2,"1":12,"2":66,"3":3,"4":1,"5":1,"6":1,"7":1,"8":1,"9":3,"10":2,"11":2,"12":1,"13":1,"14":12,"15":2,"16":1,"17":1,"18":1,"19":1,"20":1,"21":12,"22":12},"b":{"0":[2,2,2],"1":[1,11],"2":[10,56],"3":[1,10],"4":[3,0],"5":[3,3],"6":[1,0],"7":[1,1],"8":[1,0],"9":[1,1,0],"10":[1,1,0],"11":[1,1,0],"12":[0,1],"13":[1,0],"14":[1,1],"15":[1,0],"16":[1,1,0],"17":[1,1,0],"18":[0,1],"19":[0,2],"20":[0,2],"21":[0,1],"22":[0,1],"23":[0,1],"24":[1,1],"25":[0,1],"26":[2,10],"27":[2,8],"28":[0,2],"29":[1,1],"30":[1,7],"31":[0,1],"32":[0,1],"33":[1,6],"34":[3,3],"35":[2,1],"36":[1,0]},"_coverageSchema":"43e27e138ebf9cfc5966b082cf9a028302ed4184","hash":"4b4ce7fb3e279c30469370ba406599eeb6022cfc"}
,"/Users/ygou/projects/express-middleware-minio/src/minio-client.js": {"path":"/Users/ygou/projects/express-middleware-minio/src/minio-client.js","statementMap":{"0":{"start":{"line":1,"column":14},"end":{"line":1,"column":30}},"1":{"start":{"line":2,"column":15},"end":{"line":2,"column":32}},"2":{"start":{"line":4,"column":15},"end":{"line":4,"column":51}},"3":{"start":{"line":5,"column":52},"end":{"line":5,"column":63}},"4":{"start":{"line":9,"column":19},"end":{"line":39,"column":1}},"5":{"start":{"line":10,"column":2},"end":{"line":10,"column":54}},"6":{"start":{"line":13,"column":2},"end":{"line":19,"column":3}},"7":{"start":{"line":14,"column":4},"end":{"line":14,"column":57}},"8":{"start":{"line":16,"column":19},"end":{"line":16,"column":54}},"9":{"start":{"line":17,"column":4},"end":{"line":17,"column":24}},"10":{"start":{"line":18,"column":4},"end":{"line":18,"column":27}},"11":{"start":{"line":21,"column":2},"end":{"line":36,"column":3}},"12":{"start":{"line":22,"column":4},"end":{"line":22,"column":58}},"13":{"start":{"line":24,"column":4},"end":{"line":34,"column":5}},"14":{"start":{"line":25,"column":6},"end":{"line":28,"column":7}},"15":{"start":{"line":29,"column":6},"end":{"line":29,"column":34}},"16":{"start":{"line":31,"column":21},"end":{"line":31,"column":54}},"17":{"start":{"line":32,"column":6},"end":{"line":32,"column":26}},"18":{"start":{"line":33,"column":6},"end":{"line":33,"column":29}},"19":{"start":{"line":35,"column":4},"end":{"line":35,"column":59}},"20":{"start":{"line":38,"column":2},"end":{"line":38,"column":13}},"21":{"start":{"line":41,"column":20},"end":{"line":56,"column":1}},"22":{"start":{"line":42,"column":2},"end":{"line":44,"column":3}},"23":{"start":{"line":43,"column":4},"end":{"line":43,"column":22}},"24":{"start":{"line":45,"column":2},"end":{"line":52,"column":4}},"25":{"start":{"line":54,"column":2},"end":{"line":54,"column":31}},"26":{"start":{"line":55,"column":2},"end":{"line":55,"column":20}},"27":{"start":{"line":58,"column":0},"end":{"line":151,"column":1}},"28":{"start":{"line":61,"column":20},"end":{"line":61,"column":45}},"29":{"start":{"line":62,"column":21},"end":{"line":62,"column":45}},"30":{"start":{"line":63,"column":31},"end":{"line":63,"column":74}},"31":{"start":{"line":65,"column":21},"end":{"line":68,"column":5}},"32":{"start":{"line":70,"column":24},"end":{"line":70,"column":43}},"33":{"start":{"line":71,"column":4},"end":{"line":77,"column":5}},"34":{"start":{"line":81,"column":20},"end":{"line":81,"column":45}},"35":{"start":{"line":82,"column":21},"end":{"line":82,"column":45}},"36":{"start":{"line":83,"column":31},"end":{"line":83,"column":74}},"37":{"start":{"line":85,"column":21},"end":{"line":88,"column":5}},"38":{"start":{"line":90,"column":24},"end":{"line":90,"column":43}},"39":{"start":{"line":91,"column":4},"end":{"line":91,"column":78}},"40":{"start":{"line":95,"column":20},"end":{"line":95,"column":45}},"41":{"start":{"line":96,"column":19},"end":{"line":96,"column":31}},"42":{"start":{"line":98,"column":24},"end":{"line":98,"column":43}},"43":{"start":{"line":99,"column":19},"end":{"line":99,"column":70}},"44":{"start":{"line":100,"column":17},"end":{"line":100,"column":19}},"45":{"start":{"line":101,"column":4},"end":{"line":103,"column":6}},"46":{"start":{"line":102,"column":6},"end":{"line":102,"column":20}},"47":{"start":{"line":104,"column":4},"end":{"line":106,"column":6}},"48":{"start":{"line":105,"column":6},"end":{"line":105,"column":19}},"49":{"start":{"line":107,"column":4},"end":{"line":109,"column":6}},"50":{"start":{"line":108,"column":6},"end":{"line":108,"column":26}},"51":{"start":{"line":113,"column":20},"end":{"line":113,"column":45}},"52":{"start":{"line":114,"column":23},"end":{"line":114,"column":47}},"53":{"start":{"line":115,"column":24},"end":{"line":115,"column":43}},"54":{"start":{"line":116,"column":4},"end":{"line":116,"column":71}},"55":{"start":{"line":120,"column":20},"end":{"line":120,"column":45}},"56":{"start":{"line":121,"column":23},"end":{"line":121,"column":47}},"57":{"start":{"line":122,"column":24},"end":{"line":122,"column":43}},"58":{"start":{"line":123,"column":4},"end":{"line":123,"column":61}},"59":{"start":{"line":127,"column":4},"end":{"line":137,"column":6}},"60":{"start":{"line":128,"column":22},"end":{"line":128,"column":47}},"61":{"start":{"line":129,"column":25},"end":{"line":129,"column":49}},"62":{"start":{"line":130,"column":26},"end":{"line":130,"column":45}},"63":{"start":{"line":131,"column":6},"end":{"line":136,"column":8}},"64":{"start":{"line":132,"column":8},"end":{"line":134,"column":9}},"65":{"start":{"line":133,"column":10},"end":{"line":133,"column":28}},"66":{"start":{"line":135,"column":8},"end":{"line":135,"column":21}},"67":{"start":{"line":141,"column":20},"end":{"line":141,"column":45}},"68":{"start":{"line":142,"column":23},"end":{"line":142,"column":47}},"69":{"start":{"line":143,"column":24},"end":{"line":143,"column":43}},"70":{"start":{"line":144,"column":4},"end":{"line":148,"column":5}},"71":{"start":{"line":145,"column":6},"end":{"line":145,"column":62}},"72":{"start":{"line":147,"column":6},"end":{"line":147,"column":16}},"73":{"start":{"line":149,"column":4},"end":{"line":149,"column":15}}},"fnMap":{"0":{"name":"(anonymous_0)","decl":{"start":{"line":9,"column":19},"end":{"line":9,"column":20}},"loc":{"start":{"line":9,"column":40},"end":{"line":39,"column":1}},"line":9},"1":{"name":"(anonymous_1)","decl":{"start":{"line":41,"column":20},"end":{"line":41,"column":21}},"loc":{"start":{"line":41,"column":32},"end":{"line":56,"column":1}},"line":41},"2":{"name":"(anonymous_2)","decl":{"start":{"line":60,"column":2},"end":{"line":60,"column":3}},"loc":{"start":{"line":60,"column":77},"end":{"line":78,"column":3}},"line":60},"3":{"name":"(anonymous_3)","decl":{"start":{"line":80,"column":2},"end":{"line":80,"column":3}},"loc":{"start":{"line":80,"column":70},"end":{"line":92,"column":3}},"line":80},"4":{"name":"(anonymous_4)","decl":{"start":{"line":94,"column":2},"end":{"line":94,"column":3}},"loc":{"start":{"line":94,"column":29},"end":{"line":110,"column":3}},"line":94},"5":{"name":"(anonymous_5)","decl":{"start":{"line":101,"column":22},"end":{"line":101,"column":23}},"loc":{"start":{"line":101,"column":29},"end":{"line":103,"column":5}},"line":101},"6":{"name":"(anonymous_6)","decl":{"start":{"line":104,"column":23},"end":{"line":104,"column":24}},"loc":{"start":{"line":104,"column":30},"end":{"line":106,"column":5}},"line":104},"7":{"name":"(anonymous_7)","decl":{"start":{"line":107,"column":21},"end":{"line":107,"column":22}},"loc":{"start":{"line":107,"column":27},"end":{"line":109,"column":5}},"line":107},"8":{"name":"(anonymous_8)","decl":{"start":{"line":112,"column":2},"end":{"line":112,"column":3}},"loc":{"start":{"line":112,"column":46},"end":{"line":117,"column":3}},"line":112},"9":{"name":"(anonymous_9)","decl":{"start":{"line":119,"column":2},"end":{"line":119,"column":3}},"loc":{"start":{"line":119,"column":43},"end":{"line":124,"column":3}},"line":119},"10":{"name":"(anonymous_10)","decl":{"start":{"line":126,"column":2},"end":{"line":126,"column":3}},"loc":{"start":{"line":126,"column":25},"end":{"line":138,"column":3}},"line":126},"11":{"name":"(anonymous_11)","decl":{"start":{"line":127,"column":23},"end":{"line":127,"column":24}},"loc":{"start":{"line":127,"column":50},"end":{"line":137,"column":5}},"line":127},"12":{"name":"(anonymous_12)","decl":{"start":{"line":131,"column":55},"end":{"line":131,"column":56}},"loc":{"start":{"line":131,"column":70},"end":{"line":136,"column":7}},"line":131},"13":{"name":"(anonymous_13)","decl":{"start":{"line":140,"column":2},"end":{"line":140,"column":3}},"loc":{"start":{"line":140,"column":30},"end":{"line":150,"column":3}},"line":140}},"branchMap":{"0":{"loc":{"start":{"line":4,"column":15},"end":{"line":4,"column":51}},"type":"binary-expr","locations":[{"start":{"line":4,"column":16},"end":{"line":4,"column":22}},{"start":{"line":4,"column":26},"end":{"line":4,"column":39}},{"start":{"line":4,"column":44},"end":{"line":4,"column":51}}],"line":4},"1":{"loc":{"start":{"line":21,"column":2},"end":{"line":36,"column":3}},"type":"if","locations":[{"start":{"line":21,"column":2},"end":{"line":36,"column":3}},{"start":{"line":21,"column":2},"end":{"line":36,"column":3}}],"line":21},"2":{"loc":{"start":{"line":27,"column":8},"end":{"line":27,"column":47}},"type":"binary-expr","locations":[{"start":{"line":27,"column":8},"end":{"line":27,"column":32}},{"start":{"line":27,"column":36},"end":{"line":27,"column":47}}],"line":27},"3":{"loc":{"start":{"line":42,"column":2},"end":{"line":44,"column":3}},"type":"if","locations":[{"start":{"line":42,"column":2},"end":{"line":44,"column":3}},{"start":{"line":42,"column":2},"end":{"line":44,"column":3}}],"line":42},"4":{"loc":{"start":{"line":51,"column":12},"end":{"line":51,"column":51}},"type":"binary-expr","locations":[{"start":{"line":51,"column":12},"end":{"line":51,"column":36}},{"start":{"line":51,"column":40},"end":{"line":51,"column":51}}],"line":51},"5":{"loc":{"start":{"line":132,"column":8},"end":{"line":134,"column":9}},"type":"if","locations":[{"start":{"line":132,"column":8},"end":{"line":134,"column":9}},{"start":{"line":132,"column":8},"end":{"line":134,"column":9}}],"line":132}},"s":{"0":5,"1":5,"2":5,"3":5,"4":5,"5":5,"6":5,"7":5,"8":1,"9":1,"10":1,"11":4,"12":1,"13":3,"14":3,"15":2,"16":1,"17":1,"18":1,"19":2,"20":3,"21":5,"22":31,"23":26,"24":5,"25":5,"26":3,"27":5,"28":2,"29":2,"30":2,"31":2,"32":2,"33":2,"34":2,"35":2,"36":2,"37":2,"38":2,"39":2,"40":6,"41":6,"42":6,"43":6,"44":6,"45":6,"46":4,"47":6,"48":1,"49":6,"50":5,"51":3,"52":3,"53":3,"54":3,"55":2,"56":2,"57":2,"58":2,"59":7,"60":7,"61":7,"62":7,"63":7,"64":7,"65":3,"66":4,"67":4,"68":4,"69":4,"70":4,"71":4,"72":1,"73":3},"f":{"0":5,"1":31,"2":2,"3":2,"4":6,"5":4,"6":1,"7":5,"8":3,"9":2,"10":7,"11":7,"12":7,"13":4},"b":{"0":[5,5,5],"1":[1,3],"2":[3,3],"3":[26,5],"4":[5,5],"5":[3,4]},"_coverageSchema":"43e27e138ebf9cfc5966b082cf9a028302ed4184","hash":"1dcfc5fbcb95ef57fc38842cfb7031415b3f889a"}
,"/Users/ygou/projects/express-middleware-minio/src/utils.js": {"path":"/Users/ygou/projects/express-middleware-minio/src/utils.js","statementMap":{"0":{"start":{"line":1,"column":11},"end":{"line":1,"column":24}},"1":{"start":{"line":2,"column":15},"end":{"line":2,"column":33}},"2":{"start":{"line":3,"column":15},"end":{"line":3,"column":32}},"3":{"start":{"line":5,"column":15},"end":{"line":5,"column":51}},"4":{"start":{"line":6,"column":16},"end":{"line":6,"column":56}},"5":{"start":{"line":8,"column":20},"end":{"line":8,"column":68}},"6":{"start":{"line":8,"column":32},"end":{"line":8,"column":68}},"7":{"start":{"line":10,"column":19},"end":{"line":23,"column":1}},"8":{"start":{"line":11,"column":16},"end":{"line":11,"column":42}},"9":{"start":{"line":12,"column":2},"end":{"line":16,"column":3}},"10":{"start":{"line":13,"column":19},"end":{"line":13,"column":45}},"11":{"start":{"line":14,"column":4},"end":{"line":14,"column":23}},"12":{"start":{"line":15,"column":4},"end":{"line":15,"column":27}},"13":{"start":{"line":18,"column":2},"end":{"line":22,"column":3}},"14":{"start":{"line":19,"column":4},"end":{"line":19,"column":26}},"15":{"start":{"line":21,"column":4},"end":{"line":21,"column":49}},"16":{"start":{"line":25,"column":0},"end":{"line":28,"column":1}}},"fnMap":{"0":{"name":"(anonymous_0)","decl":{"start":{"line":8,"column":20},"end":{"line":8,"column":21}},"loc":{"start":{"line":8,"column":32},"end":{"line":8,"column":68}},"line":8},"1":{"name":"(anonymous_1)","decl":{"start":{"line":10,"column":19},"end":{"line":10,"column":20}},"loc":{"start":{"line":10,"column":30},"end":{"line":23,"column":1}},"line":10}},"branchMap":{"0":{"loc":{"start":{"line":5,"column":15},"end":{"line":5,"column":51}},"type":"binary-expr","locations":[{"start":{"line":5,"column":16},"end":{"line":5,"column":22}},{"start":{"line":5,"column":26},"end":{"line":5,"column":39}},{"start":{"line":5,"column":44},"end":{"line":5,"column":51}}],"line":5},"1":{"loc":{"start":{"line":6,"column":16},"end":{"line":6,"column":56}},"type":"binary-expr","locations":[{"start":{"line":6,"column":17},"end":{"line":6,"column":23}},{"start":{"line":6,"column":27},"end":{"line":6,"column":45}},{"start":{"line":6,"column":50},"end":{"line":6,"column":56}}],"line":6},"2":{"loc":{"start":{"line":12,"column":2},"end":{"line":16,"column":3}},"type":"if","locations":[{"start":{"line":12,"column":2},"end":{"line":16,"column":3}},{"start":{"line":12,"column":2},"end":{"line":16,"column":3}}],"line":12},"3":{"loc":{"start":{"line":12,"column":6},"end":{"line":12,"column":39}},"type":"binary-expr","locations":[{"start":{"line":12,"column":6},"end":{"line":12,"column":14}},{"start":{"line":12,"column":18},"end":{"line":12,"column":39}}],"line":12}},"s":{"0":3,"1":3,"2":3,"3":3,"4":3,"5":3,"6":3,"7":3,"8":3,"9":3,"10":1,"11":1,"12":1,"13":2,"14":2,"15":1,"16":3},"f":{"0":3,"1":3},"b":{"0":[3,3,3],"1":[3,3,0],"2":[1,2],"3":[3,3]},"_coverageSchema":"43e27e138ebf9cfc5966b082cf9a028302ed4184","hash":"19cb9609d0d4474713f85361299eed46a774aa83"}
}
