TN:
SF:/Users/ygou/projects/express-middleware-minio/src/index.js
FN:21,(anonymous_0)
FN:25,(anonymous_1)
FN:33,(anonymous_2)
FN:48,(anonymous_3)
FN:60,(anonymous_4)
FN:73,(anonymous_5)
FN:84,(anonymous_6)
FN:107,(anonymous_7)
FN:108,(anonymous_8)
FN:118,(anonymous_9)
FN:129,(anonymous_10)
FN:150,(anonymous_11)
FN:161,(anonymous_12)
FN:182,(anonymous_13)
FN:197,(anonymous_14)
FN:205,(anonymous_15)
FN:220,(anonymous_16)
FN:227,(anonymous_17)
FN:230,(anonymous_18)
FN:234,(anonymous_19)
FN:257,(anonymous_20)
FN:258,(anonymous_21)
FN:258,(anonymous_22)
FNF:23
FNH:23
FNDA:2,(anonymous_0)
FNDA:12,(anonymous_1)
FNDA:66,(anonymous_2)
FNDA:3,(anonymous_3)
FNDA:1,(anonymous_4)
FNDA:1,(anonymous_5)
FNDA:1,(anonymous_6)
FNDA:1,(anonymous_7)
FNDA:1,(anonymous_8)
FNDA:3,(anonymous_9)
FNDA:2,(anonymous_10)
FNDA:2,(anonymous_11)
FNDA:1,(anonymous_12)
FNDA:1,(anonymous_13)
FNDA:12,(anonymous_14)
FNDA:2,(anonymous_15)
FNDA:1,(anonymous_16)
FNDA:1,(anonymous_17)
FNDA:1,(anonymous_18)
FNDA:1,(anonymous_19)
FNDA:1,(anonymous_20)
FNDA:12,(anonymous_21)
FNDA:12,(anonymous_22)
DA:1,1
DA:2,1
DA:3,1
DA:4,1
DA:5,1
DA:7,1
DA:8,1
DA:10,1
DA:12,1
DA:21,1
DA:22,2
DA:25,1
DA:26,12
DA:27,1
DA:28,1
DA:29,1
DA:32,11
DA:33,11
DA:34,66
DA:35,10
DA:39,11
DA:40,1
DA:41,1
DA:42,1
DA:45,10
DA:48,1
DA:49,3
DA:50,3
DA:57,0
DA:60,1
DA:61,1
DA:62,1
DA:63,1
DA:64,1
DA:65,1
DA:68,1
DA:74,1
DA:75,0
DA:77,1
DA:79,1
DA:84,1
DA:85,1
DA:86,1
DA:87,1
DA:88,1
DA:89,1
DA:92,1
DA:93,1
DA:99,1
DA:101,0
DA:102,0
DA:104,1
DA:107,1
DA:108,1
DA:109,1
DA:110,0
DA:112,1
DA:114,1
DA:118,1
DA:120,3
DA:121,3
DA:123,1
DA:124,1
DA:125,1
DA:128,2
DA:129,2
DA:130,2
DA:131,0
DA:133,2
DA:134,2
DA:135,0
DA:137,2
DA:146,2
DA:150,1
DA:152,2
DA:153,2
DA:155,1
DA:156,1
DA:157,1
DA:158,1
DA:161,1
DA:162,1
DA:163,0
DA:165,1
DA:166,1
DA:167,0
DA:169,1
DA:178,1
DA:182,1
DA:183,1
DA:184,0
DA:185,0
DA:186,0
DA:188,1
DA:189,1
DA:190,0
DA:192,1
DA:194,1
DA:197,1
DA:198,12
DA:199,2
DA:200,2
DA:203,10
DA:204,2
DA:205,2
DA:206,2
DA:207,0
DA:208,0
DA:209,2
DA:210,1
DA:211,1
DA:213,1
DA:216,8
DA:217,1
DA:218,1
DA:219,1
DA:220,1
DA:221,1
DA:222,0
DA:223,0
DA:225,1
DA:226,1
DA:227,1
DA:228,1
DA:230,1
DA:231,1
DA:234,1
DA:235,1
DA:236,0
DA:237,0
DA:239,1
DA:242,7
DA:243,1
DA:244,6
DA:245,3
DA:246,3
DA:247,2
DA:248,1
DA:249,1
DA:253,1
DA:258,12
DA:259,12
LF:142
LH:123
BRDA:10,0,0,1
BRDA:10,0,1,1
BRDA:10,0,2,1
BRDA:26,1,0,1
BRDA:26,1,1,11
BRDA:34,2,0,10
BRDA:34,2,1,56
BRDA:39,3,0,1
BRDA:39,3,1,10
BRDA:49,4,0,3
BRDA:49,4,1,0
BRDA:49,5,0,3
BRDA:49,5,1,3
BRDA:62,6,0,1
BRDA:62,6,1,0
BRDA:62,7,0,1
BRDA:62,7,1,1
BRDA:64,8,0,1
BRDA:64,8,1,0
BRDA:70,9,0,1
BRDA:70,9,1,1
BRDA:70,9,2,0
BRDA:71,10,0,1
BRDA:71,10,1,1
BRDA:71,10,2,0
BRDA:72,11,0,1
BRDA:72,11,1,1
BRDA:72,11,2,0
BRDA:74,12,0,0
BRDA:74,12,1,1
BRDA:86,13,0,1
BRDA:86,13,1,0
BRDA:86,14,0,1
BRDA:86,14,1,1
BRDA:88,15,0,1
BRDA:88,15,1,0
BRDA:95,16,0,1
BRDA:95,16,1,1
BRDA:95,16,2,0
BRDA:96,17,0,1
BRDA:96,17,1,1
BRDA:96,17,2,0
BRDA:109,18,0,0
BRDA:109,18,1,1
BRDA:130,19,0,0
BRDA:130,19,1,2
BRDA:134,20,0,0
BRDA:134,20,1,2
BRDA:162,21,0,0
BRDA:162,21,1,1
BRDA:166,22,0,0
BRDA:166,22,1,1
BRDA:183,23,0,0
BRDA:183,23,1,1
BRDA:183,24,0,1
BRDA:183,24,1,1
BRDA:189,25,0,0
BRDA:189,25,1,1
BRDA:198,26,0,2
BRDA:198,26,1,10
BRDA:203,27,0,2
BRDA:203,27,1,8
BRDA:206,28,0,0
BRDA:206,28,1,2
BRDA:209,29,0,1
BRDA:209,29,1,1
BRDA:216,30,0,1
BRDA:216,30,1,7
BRDA:221,31,0,0
BRDA:221,31,1,1
BRDA:235,32,0,0
BRDA:235,32,1,1
BRDA:242,33,0,1
BRDA:242,33,1,6
BRDA:244,34,0,3
BRDA:244,34,1,3
BRDA:246,35,0,2
BRDA:246,35,1,1
BRDA:248,36,0,1
BRDA:248,36,1,0
BRF:80
BRH:58
end_of_record
TN:
SF:/Users/ygou/projects/express-middleware-minio/src/minio-client.js
FN:9,(anonymous_0)
FN:40,(anonymous_1)
FN:59,(anonymous_2)
FN:79,(anonymous_3)
FN:93,(anonymous_4)
FN:100,(anonymous_5)
FN:103,(anonymous_6)
FN:106,(anonymous_7)
FN:111,(anonymous_8)
FN:118,(anonymous_9)
FN:125,(anonymous_10)
FN:126,(anonymous_11)
FN:130,(anonymous_12)
FN:139,(anonymous_13)
FNF:14
FNH:14
FNDA:4,(anonymous_0)
FNDA:27,(anonymous_1)
FNDA:2,(anonymous_2)
FNDA:2,(anonymous_3)
FNDA:5,(anonymous_4)
FNDA:4,(anonymous_5)
FNDA:1,(anonymous_6)
FNDA:4,(anonymous_7)
FNDA:3,(anonymous_8)
FNDA:2,(anonymous_9)
FNDA:7,(anonymous_10)
FNDA:7,(anonymous_11)
FNDA:7,(anonymous_12)
FNDA:3,(anonymous_13)
DA:1,4
DA:2,4
DA:4,4
DA:5,4
DA:9,4
DA:10,4
DA:13,4
DA:14,4
DA:16,1
DA:17,1
DA:18,1
DA:21,3
DA:22,2
DA:24,1
DA:25,1
DA:30,0
DA:31,0
DA:32,0
DA:34,1
DA:37,3
DA:40,4
DA:41,27
DA:42,23
DA:44,4
DA:53,4
DA:54,3
DA:57,4
DA:60,2
DA:61,2
DA:62,2
DA:64,2
DA:69,2
DA:70,2
DA:80,2
DA:81,2
DA:82,2
DA:84,2
DA:89,2
DA:90,2
DA:94,5
DA:95,5
DA:97,5
DA:98,5
DA:99,5
DA:100,5
DA:101,4
DA:103,5
DA:104,1
DA:106,5
DA:107,4
DA:112,3
DA:113,3
DA:114,3
DA:115,3
DA:119,2
DA:120,2
DA:121,2
DA:122,2
DA:126,7
DA:127,7
DA:128,7
DA:129,7
DA:130,7
DA:131,7
DA:132,3
DA:134,4
DA:140,3
DA:141,3
DA:142,3
DA:143,3
DA:144,3
DA:146,0
DA:148,3
LF:73
LH:69
BRDA:4,0,0,4
BRDA:4,0,1,4
BRDA:4,0,2,4
BRDA:21,1,0,2
BRDA:21,1,1,1
BRDA:27,2,0,1
BRDA:27,2,1,1
BRDA:41,3,0,23
BRDA:41,3,1,4
BRDA:50,4,0,4
BRDA:50,4,1,4
BRDA:131,5,0,3
BRDA:131,5,1,4
BRF:13
BRH:13
end_of_record
TN:
SF:/Users/ygou/projects/express-middleware-minio/src/utils.js
FN:8,(anonymous_0)
FN:10,(anonymous_1)
FNF:2
FNH:2
FNDA:3,(anonymous_0)
FNDA:3,(anonymous_1)
DA:1,2
DA:2,2
DA:3,2
DA:5,2
DA:6,2
DA:8,3
DA:10,2
DA:11,3
DA:12,3
DA:13,1
DA:14,1
DA:15,1
DA:18,2
DA:19,2
DA:21,1
DA:25,2
LF:16
LH:16
BRDA:5,0,0,2
BRDA:5,0,1,2
BRDA:5,0,2,2
BRDA:6,1,0,2
BRDA:6,1,1,2
BRDA:6,1,2,0
BRDA:12,2,0,1
BRDA:12,2,1,2
BRDA:12,3,0,3
BRDA:12,3,1,3
BRF:10
BRH:9
end_of_record
